
── MSFT h=1d ──
  fold  0  acc=0.460  auc=0.468  buy55_hit=0.4792  n_buy55=48
  fold  1  acc=0.476  auc=0.483  buy55_hit=0.6429  n_buy55=28
  fold  2  acc=0.571  auc=0.535  buy55_hit=0.569  n_buy55=58
  fold  3  acc=0.540  auc=0.437  buy55_hit=0.5116  n_buy55=43
  fold  4  acc=0.476  auc=0.505  buy55_hit=0.4902  n_buy55=51
  fold  5  acc=0.556  auc=0.536  buy55_hit=0.5424  n_buy55=59
  fold  6  acc=0.540  auc=0.532  buy55_hit=0.5714  n_buy55=35
  fold  7  acc=0.540  auc=0.508  buy55_hit=0.5  n_buy55=8
  fold  8  acc=0.444  auc=0.533  buy55_hit=0.5714  n_buy55=14
  fold  9  acc=0.508  auc=0.519  buy55_hit=0.5  n_buy55=10
  fold 10  acc=0.413  auc=0.494  buy55_hit=0.5  n_buy55=12
  fold 11  acc=0.476  auc=0.464  buy55_hit=nan  n_buy55=0
  fold 12  acc=0.571  auc=0.503  buy55_hit=nan  n_buy55=0
  fold 13  acc=0.444  auc=0.505  buy55_hit=nan  n_buy55=0
  fold 14  acc=0.444  auc=0.403  buy55_hit=nan  n_buy55=0
  fold 15  acc=0.619  auc=0.589  buy55_hit=nan  n_buy55=0
  fold 16  acc=0.429  auc=0.511  buy55_hit=0.4423  n_buy55=52
  fold 17  acc=0.556  auc=0.496  buy55_hit=0.5  n_buy55=2
  fold 18  acc=0.556  auc=0.448  buy55_hit=0.5614  n_buy55=57
  fold 19  acc=0.556  auc=0.535  buy55_hit=nan  n_buy55=0
  fold 20  acc=0.460  auc=0.455  buy55_hit=0.4828  n_buy55=58
  fold 21  acc=0.540  auc=0.549  buy55_hit=0.75  n_buy55=8
  fold 22  acc=0.524  auc=0.513  buy55_hit=0.6667  n_buy55=3
  fold 23  acc=0.508  auc=0.457  buy55_hit=0.3636  n_buy55=11
  SUMMARY acc=0.509±0.055 auc=0.499 buy55_hit=0.5358 buy55_n=557 folds=24

── NVDA h=1d ──
  fold  0  acc=0.540  auc=0.562  buy55_hit=0.5254  n_buy55=59
  fold  1  acc=0.524  auc=0.489  buy55_hit=0.6389  n_buy55=36
  fold  2  acc=0.540  auc=0.508  buy55_hit=0.5897  n_buy55=39
  fold  3  acc=0.556  auc=0.488  buy55_hit=0.5574  n_buy55=61
  fold  4  acc=0.524  auc=0.630  buy55_hit=0.5238  n_buy55=63
  fold  5  acc=0.381  auc=0.445  buy55_hit=0.4615  n_buy55=13
  fold  6  acc=0.556  auc=0.431  buy55_hit=0.4762  n_buy55=21
  fold  7  acc=0.476  auc=0.509  buy55_hit=0.4242  n_buy55=33
  fold  8  acc=0.508  auc=0.514  buy55_hit=nan  n_buy55=0
  fold  9  acc=0.476  auc=0.495  buy55_hit=nan  n_buy55=0
  fold 10  acc=0.540  auc=0.480  buy55_hit=1.0  n_buy55=2
  fold 11  acc=0.413  auc=0.443  buy55_hit=nan  n_buy55=0
  fold 12  acc=0.571  auc=0.500  buy55_hit=nan  n_buy55=0
  fold 13  acc=0.508  auc=0.500  buy55_hit=nan  n_buy55=0
  fold 14  acc=0.524  auc=0.485  buy55_hit=nan  n_buy55=0
  fold 15  acc=0.571  auc=0.447  buy55_hit=0.6327  n_buy55=49
  fold 16  acc=0.556  auc=0.540  buy55_hit=0.5938  n_buy55=32
  fold 17  acc=0.460  auc=0.442  buy55_hit=0.4474  n_buy55=38
  fold 18  acc=0.571  auc=0.578  buy55_hit=0.6667  n_buy55=36
  fold 19  acc=0.508  auc=0.606  buy55_hit=0.5517  n_buy55=29
  fold 20  acc=0.508  auc=0.498  buy55_hit=0.5  n_buy55=46
  fold 21  acc=0.603  auc=0.536  buy55_hit=0.6486  n_buy55=37
  fold 22  acc=0.556  auc=0.566  buy55_hit=0.5135  n_buy55=37
  fold 23  acc=0.460  auc=0.544  buy55_hit=0.4677  n_buy55=62
  SUMMARY acc=0.518±0.052 auc=0.510 buy55_hit=0.5677 buy55_n=693 folds=24

── TSLA h=1d ──
  fold  0  acc=0.492  auc=0.424  buy55_hit=0.5  n_buy55=60
  fold  1  acc=0.571  auc=0.435  buy55_hit=0.5882  n_buy55=51
  fold  2  acc=0.603  auc=0.500  buy55_hit=nan  n_buy55=0
  fold  3  acc=0.619  auc=0.487  buy55_hit=0.6129  n_buy55=62
  fold  4  acc=0.460  auc=0.574  buy55_hit=0.4603  n_buy55=63
  fold  5  acc=0.460  auc=0.541  buy55_hit=0.4386  n_buy55=57
  fold  6  acc=0.714  auc=0.657  buy55_hit=0.7593  n_buy55=54
  fold  7  acc=0.524  auc=0.542  buy55_hit=0.5  n_buy55=50
  fold  8  acc=0.460  auc=0.483  buy55_hit=0.4474  n_buy55=38
  fold  9  acc=0.587  auc=0.575  buy55_hit=0.7143  n_buy55=7
  fold 10  acc=0.492  auc=0.516  buy55_hit=0.5172  n_buy55=29
  fold 11  acc=0.476  auc=0.544  buy55_hit=0.5  n_buy55=12
  fold 12  acc=0.413  auc=0.464  buy55_hit=0.4444  n_buy55=9
  fold 13  acc=0.365  auc=0.470  buy55_hit=nan  n_buy55=0
  fold 14  acc=0.381  auc=0.454  buy55_hit=1.0  n_buy55=1
  fold 15  acc=0.492  auc=0.486  buy55_hit=0.4706  n_buy55=17
  fold 16  acc=0.556  auc=0.557  buy55_hit=0.5714  n_buy55=14
  fold 17  acc=0.540  auc=0.532  buy55_hit=0.6  n_buy55=5
  fold 18  acc=0.492  auc=0.491  buy55_hit=0.75  n_buy55=4
  fold 19  acc=0.603  auc=0.630  buy55_hit=1.0  n_buy55=4
  fold 20  acc=0.571  auc=0.627  buy55_hit=0.4688  n_buy55=32
  fold 21  acc=0.556  auc=0.597  buy55_hit=0.0  n_buy55=1
  fold 22  acc=0.603  auc=0.575  buy55_hit=nan  n_buy55=0
  fold 23  acc=0.587  auc=0.581  buy55_hit=nan  n_buy55=0
  SUMMARY acc=0.526±0.082 auc=0.531 buy55_hit=0.5672 buy55_n=570 folds=24

── AMD h=1d ──
  fold  0  acc=0.556  auc=0.403  buy55_hit=0.5667  n_buy55=60
  fold  1  acc=0.540  auc=0.572  buy55_hit=0.5278  n_buy55=36
  fold  2  acc=0.492  auc=0.496  buy55_hit=0.5  n_buy55=34
  fold  3  acc=0.429  auc=0.474  buy55_hit=0.5556  n_buy55=18
  fold  4  acc=0.540  auc=0.537  buy55_hit=0.4545  n_buy55=33
  fold  5  acc=0.524  auc=0.522  buy55_hit=nan  n_buy55=0
  fold  6  acc=0.508  auc=0.440  buy55_hit=0.0  n_buy55=3
  fold  7  acc=0.444  auc=0.500  buy55_hit=nan  n_buy55=0
  fold  8  acc=0.508  auc=0.452  buy55_hit=nan  n_buy55=0
  fold  9  acc=0.476  auc=0.483  buy55_hit=1.0  n_buy55=1
  fold 10  acc=0.397  auc=0.500  buy55_hit=0.0  n_buy55=1
  fold 11  acc=0.413  auc=0.415  buy55_hit=0.0  n_buy55=1
  fold 12  acc=0.540  auc=0.414  buy55_hit=0.0  n_buy55=2
  fold 13  acc=0.397  auc=0.567  buy55_hit=nan  n_buy55=0
  fold 14  acc=0.476  auc=0.513  buy55_hit=1.0  n_buy55=1
  fold 15  acc=0.556  auc=0.489  buy55_hit=nan  n_buy55=0
  fold 16  acc=0.476  auc=0.524  buy55_hit=nan  n_buy55=0
  fold 17  acc=0.460  auc=0.598  buy55_hit=0.75  n_buy55=4
  fold 18  acc=0.524  auc=0.534  buy55_hit=0.25  n_buy55=4
  fold 19  acc=0.556  auc=0.586  buy55_hit=1.0  n_buy55=1
  fold 20  acc=0.571  auc=0.524  buy55_hit=0.0  n_buy55=1
  fold 21  acc=0.429  auc=0.504  buy55_hit=0.6667  n_buy55=6
  fold 22  acc=0.492  auc=0.541  buy55_hit=0.75  n_buy55=8
  fold 23  acc=0.524  auc=0.509  buy55_hit=0.52  n_buy55=25
  SUMMARY acc=0.493±0.053 auc=0.504 buy55_hit=0.4745 buy55_n=239 folds=24

── RZLV h=1d ──
  fold  0  acc=0.698  auc=0.492  buy55_hit=0.2  n_buy55=5
  fold  1  acc=0.508  auc=0.481  buy55_hit=nan  n_buy55=0
  fold  2  acc=0.587  auc=0.526  buy55_hit=nan  n_buy55=0
  fold  3  acc=0.524  auc=0.546  buy55_hit=nan  n_buy55=0
  fold  4  acc=0.540  auc=0.416  buy55_hit=nan  n_buy55=0
  fold  5  acc=0.524  auc=0.478  buy55_hit=nan  n_buy55=0
  fold  6  acc=0.492  auc=0.492  buy55_hit=nan  n_buy55=0
  fold  7  acc=0.587  auc=0.501  buy55_hit=0.3333  n_buy55=15
  fold  8  acc=0.587  auc=0.593  buy55_hit=nan  n_buy55=0
  SUMMARY acc=0.561±0.063 auc=0.503 buy55_hit=0.2666 buy55_n=20 folds=9

── BYND h=1d ──
  fold  0  acc=0.492  auc=0.460  buy55_hit=0.0  n_buy55=1
  fold  1  acc=0.587  auc=0.572  buy55_hit=0.4583  n_buy55=24
  fold  2  acc=0.556  auc=0.441  buy55_hit=0.1429  n_buy55=7
  fold  3  acc=0.540  auc=0.624  buy55_hit=nan  n_buy55=0
  fold  4  acc=0.651  auc=0.696  buy55_hit=0.8333  n_buy55=6
  fold  5  acc=0.571  auc=0.442  buy55_hit=0.3  n_buy55=10
  fold  6  acc=0.508  auc=0.504  buy55_hit=nan  n_buy55=0
  fold  7  acc=0.540  auc=0.540  buy55_hit=nan  n_buy55=0
  fold  8  acc=0.429  auc=0.430  buy55_hit=0.375  n_buy55=8
  fold  9  acc=0.635  auc=0.587  buy55_hit=0.5294  n_buy55=17
  fold 10  acc=0.556  auc=0.566  buy55_hit=0.6667  n_buy55=3
  fold 11  acc=0.619  auc=0.664  buy55_hit=0.75  n_buy55=4
  fold 12  acc=0.682  auc=0.591  buy55_hit=nan  n_buy55=0
  fold 13  acc=0.603  auc=0.527  buy55_hit=0.0  n_buy55=2
  fold 14  acc=0.603  auc=0.495  buy55_hit=nan  n_buy55=0
  fold 15  acc=0.556  auc=0.554  buy55_hit=0.5  n_buy55=10
  fold 16  acc=0.587  auc=0.471  buy55_hit=nan  n_buy55=0
  fold 17  acc=0.492  auc=0.479  buy55_hit=nan  n_buy55=0
  fold 18  acc=0.635  auc=0.421  buy55_hit=0.4286  n_buy55=7
  SUMMARY acc=0.571±0.063 auc=0.530 buy55_hit=0.4154 buy55_n=99 folds=19

── JPM h=1d ──
  fold  0  acc=0.476  auc=0.504  buy55_hit=0.4561  n_buy55=57
  fold  1  acc=0.524  auc=0.523  buy55_hit=0.5294  n_buy55=17
  fold  2  acc=0.524  auc=0.521  buy55_hit=0.6667  n_buy55=3
  fold  3  acc=0.460  auc=0.480  buy55_hit=0.4483  n_buy55=29
  fold  4  acc=0.429  auc=0.515  buy55_hit=0.6  n_buy55=10
  fold  5  acc=0.460  auc=0.568  buy55_hit=0.75  n_buy55=4
  fold  6  acc=0.524  auc=0.505  buy55_hit=0.55  n_buy55=20
  fold  7  acc=0.524  auc=0.526  buy55_hit=0.4231  n_buy55=26
  fold  8  acc=0.603  auc=0.619  buy55_hit=0.5455  n_buy55=11
  fold  9  acc=0.603  auc=0.500  buy55_hit=0.0  n_buy55=1
  fold 10  acc=0.603  auc=0.571  buy55_hit=0.7  n_buy55=20
  fold 11  acc=0.460  auc=0.568  buy55_hit=0.5  n_buy55=2
  fold 12  acc=0.476  auc=0.502  buy55_hit=0.625  n_buy55=8
  fold 13  acc=0.476  auc=0.473  buy55_hit=nan  n_buy55=0
  fold 14  acc=0.524  auc=0.551  buy55_hit=0.75  n_buy55=4
  fold 15  acc=0.651  auc=0.629  buy55_hit=0.3333  n_buy55=3
  fold 16  acc=0.524  auc=0.583  buy55_hit=0.7778  n_buy55=18
  fold 17  acc=0.540  auc=0.464  buy55_hit=0.45  n_buy55=20
  fold 18  acc=0.651  auc=0.537  buy55_hit=1.0  n_buy55=3
  fold 19  acc=0.556  auc=0.516  buy55_hit=0.5588  n_buy55=34
  fold 20  acc=0.492  auc=0.498  buy55_hit=0.5  n_buy55=60
  fold 21  acc=0.587  auc=0.455  buy55_hit=0.5625  n_buy55=32
  fold 22  acc=0.619  auc=0.514  buy55_hit=0.6316  n_buy55=57
  fold 23  acc=0.524  auc=0.499  buy55_hit=0.5208  n_buy55=48
  SUMMARY acc=0.534±0.063 auc=0.526 buy55_hit=0.56 buy55_n=487 folds=24

── XOM h=1d ──
  fold  0  acc=0.571  auc=0.505  buy55_hit=nan  n_buy55=0
  fold  1  acc=0.444  auc=0.384  buy55_hit=nan  n_buy55=0
  fold  2  acc=0.698  auc=0.519  buy55_hit=nan  n_buy55=0
  fold  3  acc=0.476  auc=0.512  buy55_hit=0.6667  n_buy55=3
  fold  4  acc=0.444  auc=0.448  buy55_hit=0.4286  n_buy55=14
  fold  5  acc=0.492  auc=0.499  buy55_hit=0.6667  n_buy55=3
  fold  6  acc=0.587  auc=0.539  buy55_hit=0.3333  n_buy55=6
  fold  7  acc=0.619  auc=0.490  buy55_hit=0.5833  n_buy55=12
  fold  8  acc=0.556  auc=0.623  buy55_hit=0.75  n_buy55=8
  fold  9  acc=0.492  auc=0.492  buy55_hit=0.5676  n_buy55=37
  fold 10  acc=0.556  auc=0.507  buy55_hit=0.5574  n_buy55=61
  fold 11  acc=0.556  auc=0.513  buy55_hit=0.5484  n_buy55=62
  fold 12  acc=0.460  auc=0.567  buy55_hit=0.5238  n_buy55=42
  fold 13  acc=0.429  auc=0.367  buy55_hit=0.5  n_buy55=2
  fold 14  acc=0.524  auc=0.447  buy55_hit=0.0  n_buy55=3
  fold 15  acc=0.460  auc=0.538  buy55_hit=nan  n_buy55=0
  fold 16  acc=0.429  auc=0.376  buy55_hit=nan  n_buy55=0
  fold 17  acc=0.476  auc=0.500  buy55_hit=nan  n_buy55=0
  fold 18  acc=0.524  auc=0.459  buy55_hit=0.375  n_buy55=8
  fold 19  acc=0.444  auc=0.496  buy55_hit=0.4412  n_buy55=34
  fold 20  acc=0.460  auc=0.500  buy55_hit=nan  n_buy55=0
  fold 21  acc=0.429  auc=0.461  buy55_hit=0.3333  n_buy55=9
  fold 22  acc=0.619  auc=0.421  buy55_hit=nan  n_buy55=0
  fold 23  acc=0.571  auc=0.475  buy55_hit=nan  n_buy55=0
  SUMMARY acc=0.513±0.073 auc=0.485 buy55_hit=0.485 buy55_n=304 folds=24

Summary → reports/walkforward_summary_h1.csv
  Mean accuracy across tickers: 0.5279
  Mean AUC across tickers:      0.5109
  Mean BUY@0.55 hit:            0.4840
  Total BUY@0.55 signals:       2969
Per-fold → reports/walkforward_folds_h1.csv

── MSFT h=3d ──
  fold  0  acc=0.587  auc=0.466  buy55_hit=0.5849  n_buy55=53
  fold  1  acc=0.667  auc=0.536  buy55_hit=0.6667  n_buy55=63
  fold  2  acc=0.571  auc=0.591  buy55_hit=0.5593  n_buy55=59
  fold  3  acc=0.603  auc=0.499  buy55_hit=0.6491  n_buy55=57
  fold  4  acc=0.381  auc=0.371  buy55_hit=0.4211  n_buy55=38
  fold  5  acc=0.667  auc=0.524  buy55_hit=0.75  n_buy55=8
  fold  6  acc=0.635  auc=0.539  buy55_hit=0.6349  n_buy55=63
  fold  7  acc=0.397  auc=0.489  buy55_hit=0.4444  n_buy55=45
  fold  8  acc=0.476  auc=0.611  buy55_hit=0.4906  n_buy55=53
  fold  9  acc=0.603  auc=0.584  buy55_hit=0.6429  n_buy55=14
  fold 10  acc=0.556  auc=0.515  buy55_hit=0.3846  n_buy55=13
  fold 11  acc=0.444  auc=0.568  buy55_hit=nan  n_buy55=0
  fold 12  acc=0.444  auc=0.570  buy55_hit=1.0  n_buy55=1
  fold 13  acc=0.397  auc=0.463  buy55_hit=0.5  n_buy55=2
  fold 14  acc=0.524  auc=0.474  buy55_hit=0.6667  n_buy55=6
  fold 15  acc=0.587  auc=0.462  buy55_hit=0.7333  n_buy55=45
  fold 16  acc=0.476  auc=0.516  buy55_hit=0.4839  n_buy55=62
  fold 17  acc=0.587  auc=0.379  buy55_hit=0.5873  n_buy55=63
  fold 18  acc=0.556  auc=0.500  buy55_hit=0.5556  n_buy55=63
  fold 19  acc=0.571  auc=0.473  buy55_hit=0.5806  n_buy55=62
  fold 20  acc=0.444  auc=0.445  buy55_hit=0.459  n_buy55=61
  fold 21  acc=0.746  auc=0.715  buy55_hit=0.8269  n_buy55=52
  fold 22  acc=0.508  auc=0.607  buy55_hit=0.5079  n_buy55=63
  fold 23  acc=0.381  auc=0.500  buy55_hit=0.381  n_buy55=63
  SUMMARY acc=0.534±0.100 auc=0.516 buy55_hit=0.5874 buy55_n=1009 folds=24

── NVDA h=3d ──
  fold  0  acc=0.619  auc=0.581  buy55_hit=0.619  n_buy55=63
  fold  1  acc=0.667  auc=0.553  buy55_hit=0.6885  n_buy55=61
  fold  2  acc=0.540  auc=0.549  buy55_hit=0.5682  n_buy55=44
  fold  3  acc=0.540  auc=0.602  buy55_hit=0.5323  n_buy55=62
  fold  4  acc=0.460  auc=0.525  buy55_hit=0.6154  n_buy55=13
  fold  5  acc=0.460  auc=0.371  buy55_hit=0.4286  n_buy55=14
  fold  6  acc=0.603  auc=0.493  buy55_hit=0.6032  n_buy55=63
  fold  7  acc=0.460  auc=0.487  buy55_hit=0.4603  n_buy55=63
  fold  8  acc=0.429  auc=0.500  buy55_hit=0.4286  n_buy55=63
  fold  9  acc=0.492  auc=0.521  buy55_hit=nan  n_buy55=0
  fold 10  acc=0.556  auc=0.533  buy55_hit=1.0  n_buy55=1
  fold 11  acc=0.397  auc=0.413  buy55_hit=nan  n_buy55=0
  fold 12  acc=0.524  auc=0.439  buy55_hit=nan  n_buy55=0
  fold 13  acc=0.651  auc=0.500  buy55_hit=nan  n_buy55=0
  fold 14  acc=0.508  auc=0.498  buy55_hit=0.4848  n_buy55=33
  fold 15  acc=0.778  auc=0.564  buy55_hit=0.7705  n_buy55=61
  fold 16  acc=0.587  auc=0.533  buy55_hit=0.5806  n_buy55=62
  fold 17  acc=0.524  auc=0.433  buy55_hit=0.5238  n_buy55=63
  fold 18  acc=0.619  auc=0.555  buy55_hit=0.6316  n_buy55=57
  fold 19  acc=0.524  auc=0.589  buy55_hit=0.5167  n_buy55=60
  fold 20  acc=0.492  auc=0.453  buy55_hit=0.4833  n_buy55=60
  fold 21  acc=0.778  auc=0.496  buy55_hit=0.7857  n_buy55=56
  fold 22  acc=0.476  auc=0.599  buy55_hit=0.4762  n_buy55=63
  fold 23  acc=0.492  auc=0.702  buy55_hit=0.5556  n_buy55=54
  SUMMARY acc=0.549±0.099 auc=0.520 buy55_hit=0.5876 buy55_n=1016 folds=24

── TSLA h=3d ──
  fold  0  acc=0.492  auc=0.444  buy55_hit=0.4921  n_buy55=63
  fold  1  acc=0.571  auc=0.415  buy55_hit=0.56  n_buy55=25
  fold  2  acc=0.571  auc=0.613  buy55_hit=0.5714  n_buy55=63
  fold  3  acc=0.746  auc=0.581  buy55_hit=0.8  n_buy55=55
  fold  4  acc=0.365  auc=0.506  buy55_hit=0.3651  n_buy55=63
  fold  5  acc=0.603  auc=0.511  buy55_hit=0.5686  n_buy55=51
  fold  6  acc=0.730  auc=0.553  buy55_hit=0.7838  n_buy55=37
  fold  7  acc=0.381  auc=0.476  buy55_hit=0.375  n_buy55=56
  fold  8  acc=0.540  auc=0.496  buy55_hit=0.5135  n_buy55=37
  fold  9  acc=0.540  auc=0.364  buy55_hit=0.4615  n_buy55=39
  fold 10  acc=0.444  auc=0.598  buy55_hit=0.55  n_buy55=20
  fold 11  acc=0.429  auc=0.449  buy55_hit=0.4483  n_buy55=29
  fold 12  acc=0.492  auc=0.500  buy55_hit=nan  n_buy55=0
  fold 13  acc=0.349  auc=0.508  buy55_hit=nan  n_buy55=0
  fold 14  acc=0.492  auc=0.574  buy55_hit=nan  n_buy55=0
  fold 15  acc=0.635  auc=0.671  buy55_hit=nan  n_buy55=0
  fold 16  acc=0.460  auc=0.523  buy55_hit=0.4444  n_buy55=45
  fold 17  acc=0.556  auc=0.530  buy55_hit=0.5  n_buy55=24
  fold 18  acc=0.508  auc=0.569  buy55_hit=1.0  n_buy55=2
  fold 19  acc=0.429  auc=0.590  buy55_hit=1.0  n_buy55=1
  fold 20  acc=0.603  auc=0.500  buy55_hit=0.3333  n_buy55=6
  fold 21  acc=0.476  auc=0.584  buy55_hit=nan  n_buy55=0
  fold 22  acc=0.429  auc=0.495  buy55_hit=0.5  n_buy55=2
  fold 23  acc=0.571  auc=0.533  buy55_hit=0.5  n_buy55=4
  SUMMARY acc=0.517±0.103 auc=0.524 buy55_hit=0.5667 buy55_n=622 folds=24

── AMD h=3d ──
  fold  0  acc=0.476  auc=0.450  buy55_hit=0.5  n_buy55=52
  fold  1  acc=0.651  auc=0.512  buy55_hit=0.6508  n_buy55=63
  fold  2  acc=0.429  auc=0.500  buy55_hit=0.4286  n_buy55=63
  fold  3  acc=0.619  auc=0.584  buy55_hit=0.6444  n_buy55=45
  fold  4  acc=0.460  auc=0.510  buy55_hit=0.4643  n_buy55=56
  fold  5  acc=0.460  auc=0.490  buy55_hit=0.3333  n_buy55=3
  fold  6  acc=0.540  auc=0.548  buy55_hit=0.5789  n_buy55=19
  fold  7  acc=0.556  auc=0.528  buy55_hit=0.5926  n_buy55=27
  fold  8  acc=0.460  auc=0.610  buy55_hit=0.4516  n_buy55=62
  fold  9  acc=0.571  auc=0.548  buy55_hit=0.5854  n_buy55=41
  fold 10  acc=0.397  auc=0.546  buy55_hit=0.3922  n_buy55=51
  fold 11  acc=0.571  auc=0.486  buy55_hit=nan  n_buy55=0
  fold 12  acc=0.556  auc=0.653  buy55_hit=nan  n_buy55=0
  fold 13  acc=0.397  auc=0.539  buy55_hit=nan  n_buy55=0
  fold 14  acc=0.571  auc=0.508  buy55_hit=nan  n_buy55=0
  fold 15  acc=0.571  auc=0.484  buy55_hit=nan  n_buy55=0
  fold 16  acc=0.476  auc=0.486  buy55_hit=0.4643  n_buy55=28
  fold 17  acc=0.492  auc=0.534  buy55_hit=0.6667  n_buy55=3
  fold 18  acc=0.508  auc=0.514  buy55_hit=0.4848  n_buy55=33
  fold 19  acc=0.476  auc=0.524  buy55_hit=1.0  n_buy55=2
  fold 20  acc=0.556  auc=0.441  buy55_hit=0.5385  n_buy55=26
  fold 21  acc=0.619  auc=0.549  buy55_hit=nan  n_buy55=0
  fold 22  acc=0.524  auc=0.522  buy55_hit=0.6071  n_buy55=28
  fold 23  acc=0.492  auc=0.569  buy55_hit=nan  n_buy55=0
  SUMMARY acc=0.518±0.069 auc=0.527 buy55_hit=0.552 buy55_n=602 folds=24

── RZLV h=3d ──
  fold  0  acc=0.556  auc=0.558  buy55_hit=0.625  n_buy55=8
  fold  1  acc=0.492  auc=0.563  buy55_hit=nan  n_buy55=0
  fold  2  acc=0.619  auc=0.680  buy55_hit=0.6129  n_buy55=31
  fold  3  acc=0.587  auc=0.592  buy55_hit=0.4  n_buy55=25
  fold  4  acc=0.524  auc=0.422  buy55_hit=1.0  n_buy55=1
  fold  5  acc=0.571  auc=0.560  buy55_hit=nan  n_buy55=0
  fold  6  acc=0.333  auc=0.585  buy55_hit=nan  n_buy55=0
  fold  7  acc=0.476  auc=0.520  buy55_hit=nan  n_buy55=0
  fold  8  acc=0.524  auc=0.504  buy55_hit=nan  n_buy55=0
  SUMMARY acc=0.520±0.084 auc=0.554 buy55_hit=0.6595 buy55_n=65 folds=9

── BYND h=3d ──
  fold  0  acc=0.619  auc=0.537  buy55_hit=0.5  n_buy55=2
  fold  1  acc=0.635  auc=0.603  buy55_hit=0.625  n_buy55=8
  fold  2  acc=0.365  auc=0.451  buy55_hit=0.3651  n_buy55=63
  fold  3  acc=0.587  auc=0.393  buy55_hit=nan  n_buy55=0
  fold  4  acc=0.651  auc=0.424  buy55_hit=nan  n_buy55=0
  fold  5  acc=0.619  auc=0.417  buy55_hit=0.0  n_buy55=2
  fold  6  acc=0.492  auc=0.451  buy55_hit=0.3333  n_buy55=3
  fold  7  acc=0.651  auc=0.532  buy55_hit=nan  n_buy55=0
  fold  8  acc=0.556  auc=0.544  buy55_hit=nan  n_buy55=0
  fold  9  acc=0.698  auc=0.634  buy55_hit=1.0  n_buy55=2
  fold 10  acc=0.571  auc=0.530  buy55_hit=1.0  n_buy55=1
  fold 11  acc=0.587  auc=0.581  buy55_hit=0.7143  n_buy55=7
  fold 12  acc=0.571  auc=0.565  buy55_hit=nan  n_buy55=0
  fold 13  acc=0.476  auc=0.455  buy55_hit=0.0  n_buy55=1
  fold 14  acc=0.651  auc=0.579  buy55_hit=1.0  n_buy55=2
  fold 15  acc=0.540  auc=0.547  buy55_hit=0.75  n_buy55=4
  fold 16  acc=0.603  auc=0.686  buy55_hit=0.7143  n_buy55=7
  fold 17  acc=0.492  auc=0.546  buy55_hit=0.2727  n_buy55=11
  fold 18  acc=0.476  auc=0.552  buy55_hit=0.375  n_buy55=24
  SUMMARY acc=0.571±0.082 auc=0.528 buy55_hit=0.5464 buy55_n=137 folds=19

── JPM h=3d ──
  fold  0  acc=0.492  auc=0.689  buy55_hit=0.4839  n_buy55=62
  fold  1  acc=0.460  auc=0.607  buy55_hit=0.5588  n_buy55=34
  fold  2  acc=0.730  auc=0.743  buy55_hit=0.7667  n_buy55=30
  fold  3  acc=0.397  auc=0.611  buy55_hit=1.0  n_buy55=1
  fold  4  acc=0.318  auc=0.615  buy55_hit=0.75  n_buy55=4
  fold  5  acc=0.540  auc=0.464  buy55_hit=0.5185  n_buy55=54
  fold  6  acc=0.587  auc=0.601  buy55_hit=0.5968  n_buy55=62
  fold  7  acc=0.413  auc=0.412  buy55_hit=0.4167  n_buy55=60
  fold  8  acc=0.413  auc=0.514  buy55_hit=0.4  n_buy55=60
  fold  9  acc=0.508  auc=0.506  buy55_hit=0.5098  n_buy55=51
  fold 10  acc=0.571  auc=0.526  buy55_hit=0.5  n_buy55=2
  fold 11  acc=0.381  auc=0.551  buy55_hit=0.8333  n_buy55=6
  fold 12  acc=0.476  auc=0.527  buy55_hit=0.7143  n_buy55=7
  fold 13  acc=0.667  auc=0.469  buy55_hit=0.5333  n_buy55=15
  fold 14  acc=0.429  auc=0.481  buy55_hit=0.3778  n_buy55=45
  fold 15  acc=0.635  auc=0.493  buy55_hit=0.8235  n_buy55=34
  fold 16  acc=0.619  auc=0.533  buy55_hit=0.6604  n_buy55=53
  fold 17  acc=0.651  auc=0.510  buy55_hit=0.65  n_buy55=60
  fold 18  acc=0.651  auc=0.621  buy55_hit=0.7073  n_buy55=41
  fold 19  acc=0.651  auc=0.332  buy55_hit=0.6613  n_buy55=62
  fold 20  acc=0.619  auc=0.586  buy55_hit=0.5965  n_buy55=57
  fold 21  acc=0.651  auc=0.528  buy55_hit=0.7  n_buy55=50
  fold 22  acc=0.603  auc=0.547  buy55_hit=0.6129  n_buy55=62
  fold 23  acc=0.540  auc=0.564  buy55_hit=0.5323  n_buy55=62
  SUMMARY acc=0.542±0.111 auc=0.543 buy55_hit=0.621 buy55_n=974 folds=24

── XOM h=3d ──
  fold  0  acc=0.619  auc=0.612  buy55_hit=0.6333  n_buy55=30
  fold  1  acc=0.540  auc=0.512  buy55_hit=0.25  n_buy55=8
  fold  2  acc=0.698  auc=0.628  buy55_hit=nan  n_buy55=0
  fold  3  acc=0.556  auc=0.541  buy55_hit=0.7143  n_buy55=14
  fold  4  acc=0.397  auc=0.435  buy55_hit=nan  n_buy55=0
  fold  5  acc=0.508  auc=0.508  buy55_hit=1.0  n_buy55=1
  fold  6  acc=0.587  auc=0.505  buy55_hit=0.6  n_buy55=60
  fold  7  acc=0.619  auc=0.380  buy55_hit=0.549  n_buy55=51
  fold  8  acc=0.556  auc=0.530  buy55_hit=0.5614  n_buy55=57
  fold  9  acc=0.571  auc=0.548  buy55_hit=0.5862  n_buy55=58
  fold 10  acc=0.603  auc=0.570  buy55_hit=0.6667  n_buy55=39
  fold 11  acc=0.524  auc=0.481  buy55_hit=0.5385  n_buy55=52
  fold 12  acc=0.571  auc=0.529  buy55_hit=0.5652  n_buy55=46
  fold 13  acc=0.429  auc=0.391  buy55_hit=nan  n_buy55=0
  fold 14  acc=0.587  auc=0.563  buy55_hit=0.5517  n_buy55=29
  fold 15  acc=0.476  auc=0.545  buy55_hit=0.75  n_buy55=4
  fold 16  acc=0.619  auc=0.681  buy55_hit=0.8485  n_buy55=33
  fold 17  acc=0.460  auc=0.415  buy55_hit=0.5091  n_buy55=55
  fold 18  acc=0.492  auc=0.407  buy55_hit=0.2857  n_buy55=7
  fold 19  acc=0.413  auc=0.599  buy55_hit=0.5652  n_buy55=23
  fold 20  acc=0.444  auc=0.504  buy55_hit=0.8333  n_buy55=12
  fold 21  acc=0.508  auc=0.480  buy55_hit=0.3333  n_buy55=6
  fold 22  acc=0.587  auc=0.501  buy55_hit=nan  n_buy55=0
  fold 23  acc=0.587  auc=0.405  buy55_hit=nan  n_buy55=0
  SUMMARY acc=0.540±0.076 auc=0.511 buy55_hit=0.5969 buy55_n=585 folds=24

Summary → reports/walkforward_summary_h3.csv
  Mean accuracy across tickers: 0.5363
  Mean AUC across tickers:      0.5279
  Mean BUY@0.55 hit:            0.5897
  Total BUY@0.55 signals:       5010
Per-fold → reports/walkforward_folds_h3.csv

── MSFT h=5d ──
  fold  0  acc=0.635  auc=0.559  buy55_hit=0.6349  n_buy55=63
  fold  1  acc=0.746  auc=0.644  buy55_hit=0.7288  n_buy55=59
  fold  2  acc=0.492  auc=0.618  buy55_hit=0.4828  n_buy55=58
  fold  3  acc=0.587  auc=0.601  buy55_hit=0.5806  n_buy55=62
  fold  4  acc=0.476  auc=0.500  buy55_hit=nan  n_buy55=0
  fold  5  acc=0.730  auc=0.543  buy55_hit=nan  n_buy55=0
  fold  6  acc=0.635  auc=0.435  buy55_hit=0.6452  n_buy55=62
  fold  7  acc=0.413  auc=0.620  buy55_hit=0.4444  n_buy55=36
  fold  8  acc=0.460  auc=0.469  buy55_hit=0.4603  n_buy55=63
  fold  9  acc=0.524  auc=0.496  buy55_hit=0.5238  n_buy55=63
  fold 10  acc=0.603  auc=0.528  buy55_hit=0.0  n_buy55=2
  fold 11  acc=0.492  auc=0.730  buy55_hit=0.8333  n_buy55=6
  fold 12  acc=0.381  auc=0.706  buy55_hit=1.0  n_buy55=1
  fold 13  acc=0.444  auc=0.499  buy55_hit=nan  n_buy55=0
  fold 14  acc=0.302  auc=0.270  buy55_hit=nan  n_buy55=0
  fold 15  acc=0.714  auc=0.526  buy55_hit=0.7097  n_buy55=62
  fold 16  acc=0.540  auc=0.498  buy55_hit=0.5397  n_buy55=63
  fold 17  acc=0.556  auc=0.518  buy55_hit=0.5556  n_buy55=63
  fold 18  acc=0.540  auc=0.500  buy55_hit=0.5397  n_buy55=63
  fold 19  acc=0.556  auc=0.449  buy55_hit=0.5333  n_buy55=45
  fold 20  acc=0.413  auc=0.435  buy55_hit=0.4419  n_buy55=43
  fold 21  acc=0.809  auc=0.475  buy55_hit=0.8182  n_buy55=11
  fold 22  acc=0.524  auc=0.465  buy55_hit=0.5238  n_buy55=63
  fold 23  acc=0.444  auc=0.626  buy55_hit=0.4426  n_buy55=61
  SUMMARY acc=0.542±0.124 auc=0.529 buy55_hit=0.5719 buy55_n=949 folds=24

── NVDA h=5d ──
  fold  0  acc=0.587  auc=0.537  buy55_hit=0.5873  n_buy55=63
  fold  1  acc=0.762  auc=0.515  buy55_hit=0.8  n_buy55=10
  fold  2  acc=0.635  auc=0.604  buy55_hit=0.6441  n_buy55=59
  fold  3  acc=0.508  auc=0.696  buy55_hit=0.5079  n_buy55=63
  fold  4  acc=0.524  auc=0.530  buy55_hit=0.5  n_buy55=60
  fold  5  acc=0.492  auc=0.390  buy55_hit=0.6667  n_buy55=33
  fold  6  acc=0.651  auc=0.647  buy55_hit=0.7931  n_buy55=29
  fold  7  acc=0.413  auc=0.549  buy55_hit=0.4783  n_buy55=23
  fold  8  acc=0.381  auc=0.444  buy55_hit=0.1667  n_buy55=6
  fold  9  acc=0.587  auc=0.739  buy55_hit=1.0  n_buy55=8
  fold 10  acc=0.571  auc=0.464  buy55_hit=nan  n_buy55=0
  fold 11  acc=0.286  auc=0.575  buy55_hit=nan  n_buy55=0
  fold 12  acc=0.349  auc=0.437  buy55_hit=nan  n_buy55=0
  fold 13  acc=0.619  auc=0.564  buy55_hit=0.619  n_buy55=63
  fold 14  acc=0.492  auc=0.509  buy55_hit=0.4921  n_buy55=63
  fold 15  acc=0.381  auc=0.459  buy55_hit=0.6  n_buy55=15
  fold 16  acc=0.635  auc=0.567  buy55_hit=0.6441  n_buy55=59
  fold 17  acc=0.587  auc=0.531  buy55_hit=0.5957  n_buy55=47
  fold 18  acc=0.571  auc=0.508  buy55_hit=0.6111  n_buy55=54
  fold 19  acc=0.444  auc=0.575  buy55_hit=0.4516  n_buy55=62
  fold 20  acc=0.524  auc=0.546  buy55_hit=0.5238  n_buy55=63
  fold 21  acc=0.889  auc=0.545  buy55_hit=0.8889  n_buy55=63
  fold 22  acc=0.524  auc=0.503  buy55_hit=0.5238  n_buy55=63
  fold 23  acc=0.476  auc=0.619  buy55_hit=0.4762  n_buy55=63
  SUMMARY acc=0.537±0.132 auc=0.544 buy55_hit=0.5986 buy55_n=969 folds=24

── TSLA h=5d ──
  fold  0  acc=0.508  auc=0.505  buy55_hit=0.5079  n_buy55=63
  fold  1  acc=0.762  auc=0.465  buy55_hit=0.7619  n_buy55=63
  fold  2  acc=0.556  auc=0.500  buy55_hit=0.5556  n_buy55=63
  fold  3  acc=0.762  auc=0.650  buy55_hit=0.7619  n_buy55=63
  fold  4  acc=0.349  auc=0.588  buy55_hit=0.3548  n_buy55=62
  fold  5  acc=0.556  auc=0.485  buy55_hit=0.5185  n_buy55=27
  fold  6  acc=0.762  auc=0.627  buy55_hit=0.878  n_buy55=41
  fold  7  acc=0.397  auc=0.690  buy55_hit=0.4074  n_buy55=54
  fold  8  acc=0.476  auc=0.526  buy55_hit=0.425  n_buy55=40
  fold  9  acc=0.444  auc=0.421  buy55_hit=0.4444  n_buy55=63
  fold 10  acc=0.508  auc=0.564  buy55_hit=0.4186  n_buy55=43
  fold 11  acc=0.429  auc=0.458  buy55_hit=0.413  n_buy55=46
  fold 12  acc=0.524  auc=0.517  buy55_hit=1.0  n_buy55=1
  fold 13  acc=0.365  auc=0.631  buy55_hit=nan  n_buy55=0
  fold 14  acc=0.556  auc=0.584  buy55_hit=0.5  n_buy55=4
  fold 15  acc=0.524  auc=0.550  buy55_hit=0.5  n_buy55=20
  fold 16  acc=0.476  auc=0.581  buy55_hit=0.5263  n_buy55=19
  fold 17  acc=0.413  auc=0.390  buy55_hit=0.3846  n_buy55=39
  fold 18  acc=0.540  auc=0.570  buy55_hit=0.5833  n_buy55=24
  fold 19  acc=0.524  auc=0.552  buy55_hit=nan  n_buy55=0
  fold 20  acc=0.667  auc=0.715  buy55_hit=nan  n_buy55=0
  fold 21  acc=0.476  auc=0.501  buy55_hit=0.5714  n_buy55=7
  fold 22  acc=0.365  auc=0.480  buy55_hit=nan  n_buy55=0
  fold 23  acc=0.524  auc=0.601  buy55_hit=nan  n_buy55=0
  SUMMARY acc=0.519±0.119 auc=0.548 buy55_hit=0.5533 buy55_n=742 folds=24

── AMD h=5d ──
  fold  0  acc=0.476  auc=0.576  buy55_hit=0.4833  n_buy55=60
  fold  1  acc=0.698  auc=0.654  buy55_hit=0.6984  n_buy55=63
  fold  2  acc=0.492  auc=0.483  buy55_hit=0.4651  n_buy55=43
  fold  3  acc=0.619  auc=0.592  buy55_hit=0.6182  n_buy55=55
  fold  4  acc=0.397  auc=0.591  buy55_hit=0.4167  n_buy55=48
  fold  5  acc=0.476  auc=0.499  buy55_hit=0.7  n_buy55=20
  fold  6  acc=0.508  auc=0.544  buy55_hit=0.6842  n_buy55=19
  fold  7  acc=0.603  auc=0.569  buy55_hit=nan  n_buy55=0
  fold  8  acc=0.413  auc=0.588  buy55_hit=0.4571  n_buy55=35
  fold  9  acc=0.540  auc=0.549  buy55_hit=0.6296  n_buy55=27
  fold 10  acc=0.460  auc=0.658  buy55_hit=0.3409  n_buy55=44
  fold 11  acc=0.365  auc=0.384  buy55_hit=nan  n_buy55=0
  fold 12  acc=0.508  auc=0.444  buy55_hit=nan  n_buy55=0
  fold 13  acc=0.333  auc=0.624  buy55_hit=nan  n_buy55=0
  fold 14  acc=0.635  auc=0.658  buy55_hit=nan  n_buy55=0
  fold 15  acc=0.556  auc=0.488  buy55_hit=0.725  n_buy55=40
  fold 16  acc=0.492  auc=0.632  buy55_hit=0.6  n_buy55=10
  fold 17  acc=0.444  auc=0.446  buy55_hit=0.4  n_buy55=15
  fold 18  acc=0.413  auc=0.371  buy55_hit=0.4211  n_buy55=38
  fold 19  acc=0.381  auc=0.599  buy55_hit=0.4762  n_buy55=21
  fold 20  acc=0.508  auc=0.528  buy55_hit=0.5385  n_buy55=26
  fold 21  acc=0.286  auc=0.511  buy55_hit=1.0  n_buy55=1
  fold 22  acc=0.397  auc=0.464  buy55_hit=0.5385  n_buy55=13
  fold 23  acc=0.587  auc=0.586  buy55_hit=nan  n_buy55=0
  SUMMARY acc=0.483±0.101 auc=0.543 buy55_hit=0.5663 buy55_n=578 folds=24

── RZLV h=5d ──
  fold  0  acc=0.571  auc=0.521  buy55_hit=0.5778  n_buy55=45
  fold  1  acc=0.603  auc=0.583  buy55_hit=0.7143  n_buy55=28
  fold  2  acc=0.333  auc=0.593  buy55_hit=0.3279  n_buy55=61
  fold  3  acc=0.682  auc=0.625  buy55_hit=0.4706  n_buy55=17
  fold  4  acc=0.603  auc=0.582  buy55_hit=0.3333  n_buy55=3
  fold  5  acc=0.556  auc=0.464  buy55_hit=0.3333  n_buy55=3
  fold  6  acc=0.318  auc=0.546  buy55_hit=nan  n_buy55=0
  fold  7  acc=0.698  auc=0.547  buy55_hit=0.3333  n_buy55=3
  fold  8  acc=0.682  auc=0.670  buy55_hit=nan  n_buy55=0
  SUMMARY acc=0.561±0.143 auc=0.570 buy55_hit=0.4415 buy55_n=160 folds=9

── BYND h=5d ──
  fold  0  acc=0.587  auc=0.627  buy55_hit=0.5  n_buy55=2
  fold  1  acc=0.318  auc=0.423  buy55_hit=0.2692  n_buy55=26
  fold  2  acc=0.651  auc=0.500  buy55_hit=nan  n_buy55=0
  fold  3  acc=0.667  auc=0.407  buy55_hit=nan  n_buy55=0
  fold  4  acc=0.540  auc=0.515  buy55_hit=nan  n_buy55=0
  fold  5  acc=0.524  auc=0.484  buy55_hit=0.1905  n_buy55=21
  fold  6  acc=0.413  auc=0.503  buy55_hit=nan  n_buy55=0
  fold  7  acc=0.730  auc=0.605  buy55_hit=nan  n_buy55=0
  fold  8  acc=0.460  auc=0.613  buy55_hit=0.5  n_buy55=2
  fold  9  acc=0.365  auc=0.402  buy55_hit=0.2439  n_buy55=41
  fold 10  acc=0.587  auc=0.586  buy55_hit=1.0  n_buy55=1
  fold 11  acc=0.619  auc=0.553  buy55_hit=0.5  n_buy55=8
  fold 12  acc=0.540  auc=0.517  buy55_hit=nan  n_buy55=0
  fold 13  acc=0.492  auc=0.428  buy55_hit=0.1429  n_buy55=7
  fold 14  acc=0.619  auc=0.487  buy55_hit=0.0  n_buy55=1
  fold 15  acc=0.603  auc=0.592  buy55_hit=nan  n_buy55=0
  fold 16  acc=0.635  auc=0.612  buy55_hit=0.75  n_buy55=12
  fold 17  acc=0.476  auc=0.490  buy55_hit=0.1429  n_buy55=7
  fold 18  acc=0.635  auc=0.512  buy55_hit=0.0  n_buy55=3
  SUMMARY acc=0.550±0.108 auc=0.519 buy55_hit=0.3533 buy55_n=131 folds=19

── JPM h=5d ──
  fold  0  acc=0.365  auc=0.572  buy55_hit=0.3651  n_buy55=63
  fold  1  acc=0.603  auc=0.463  buy55_hit=0.4857  n_buy55=35
  fold  2  acc=0.746  auc=0.806  buy55_hit=0.7436  n_buy55=39
  fold  3  acc=0.333  auc=0.647  buy55_hit=0.5  n_buy55=4
  fold  4  acc=0.333  auc=0.753  buy55_hit=nan  n_buy55=0
  fold  5  acc=0.556  auc=0.454  buy55_hit=0.5484  n_buy55=62
  fold  6  acc=0.556  auc=0.765  buy55_hit=0.75  n_buy55=28
  fold  7  acc=0.444  auc=0.536  buy55_hit=0.4222  n_buy55=45
  fold  8  acc=0.587  auc=0.583  buy55_hit=nan  n_buy55=0
  fold  9  acc=0.508  auc=0.491  buy55_hit=nan  n_buy55=0
  fold 10  acc=0.381  auc=0.358  buy55_hit=nan  n_buy55=0
  fold 11  acc=0.333  auc=0.499  buy55_hit=nan  n_buy55=0
  fold 12  acc=0.508  auc=0.514  buy55_hit=0.4722  n_buy55=36
  fold 13  acc=0.682  auc=0.671  buy55_hit=0.6  n_buy55=5
  fold 14  acc=0.476  auc=0.661  buy55_hit=0.4359  n_buy55=39
  fold 15  acc=0.841  auc=0.695  buy55_hit=1.0  n_buy55=7
  fold 16  acc=0.492  auc=0.595  buy55_hit=0.8824  n_buy55=17
  fold 17  acc=0.571  auc=0.474  buy55_hit=0.5806  n_buy55=62
  fold 18  acc=0.667  auc=0.557  buy55_hit=0.7  n_buy55=60
  fold 19  acc=0.476  auc=0.357  buy55_hit=0.6304  n_buy55=46
  fold 20  acc=0.571  auc=0.576  buy55_hit=0.5645  n_buy55=62
  fold 21  acc=0.714  auc=0.605  buy55_hit=0.7193  n_buy55=57
  fold 22  acc=0.667  auc=0.512  buy55_hit=0.6667  n_buy55=63
  fold 23  acc=0.556  auc=0.634  buy55_hit=0.5556  n_buy55=63
  SUMMARY acc=0.540±0.137 auc=0.574 buy55_hit=0.6117 buy55_n=793 folds=24

── XOM h=5d ──
  fold  0  acc=0.587  auc=0.612  buy55_hit=nan  n_buy55=0
  fold  1  acc=0.508  auc=0.503  buy55_hit=0.0  n_buy55=2
  fold  2  acc=0.714  auc=0.543  buy55_hit=nan  n_buy55=0
  fold  3  acc=0.365  auc=0.577  buy55_hit=nan  n_buy55=0
  fold  4  acc=0.365  auc=0.403  buy55_hit=nan  n_buy55=0
  fold  5  acc=0.444  auc=0.450  buy55_hit=0.4151  n_buy55=53
  fold  6  acc=0.635  auc=0.438  buy55_hit=0.5854  n_buy55=41
  fold  7  acc=0.635  auc=0.479  buy55_hit=0.629  n_buy55=62
  fold  8  acc=0.603  auc=0.500  buy55_hit=0.6032  n_buy55=63
  fold  9  acc=0.587  auc=0.470  buy55_hit=0.6034  n_buy55=58
  fold 10  acc=0.651  auc=0.522  buy55_hit=0.6508  n_buy55=63
  fold 11  acc=0.587  auc=0.360  buy55_hit=0.5873  n_buy55=63
  fold 12  acc=0.524  auc=0.536  buy55_hit=0.5238  n_buy55=63
  fold 13  acc=0.318  auc=0.314  buy55_hit=0.3077  n_buy55=13
  fold 14  acc=0.540  auc=0.561  buy55_hit=nan  n_buy55=0
  fold 15  acc=0.476  auc=0.532  buy55_hit=0.75  n_buy55=4
  fold 16  acc=0.651  auc=0.681  buy55_hit=0.8  n_buy55=5
  fold 17  acc=0.429  auc=0.464  buy55_hit=0.52  n_buy55=25
  fold 18  acc=0.349  auc=0.329  buy55_hit=nan  n_buy55=0
  fold 19  acc=0.460  auc=0.479  buy55_hit=0.4231  n_buy55=26
  fold 20  acc=0.381  auc=0.531  buy55_hit=0.3333  n_buy55=3
  fold 21  acc=0.635  auc=0.655  buy55_hit=1.0  n_buy55=1
  fold 22  acc=0.460  auc=0.525  buy55_hit=1.0  n_buy55=3
  fold 23  acc=0.286  auc=0.439  buy55_hit=0.6667  n_buy55=3
  SUMMARY acc=0.508±0.122 auc=0.496 buy55_hit=0.5777 buy55_n=551 folds=24

Summary → reports/walkforward_summary_h5.csv
  Mean accuracy across tickers: 0.5301
  Mean AUC across tickers:      0.5405
  Mean BUY@0.55 hit:            0.5343
  Total BUY@0.55 signals:       4873
Per-fold → reports/walkforward_folds_h5.csv
